Using pre-set license
Built from '2020.2/release' branch; Version is '2020.2.2f1 (068178b99f32) revision 426360'; Using compiler version '192528614'; Build Type 'Release'
OS: 'Windows 10 Home; OS build 18363.1379; Version 1909; 64bit' Language: 'en' Physical Memory: 16205 MB
BatchMode: 1, IsHumanControllingUs: 0, StartBugReporterOnCrash: 0, Is64bit: 1, IsPro: 0

 COMMAND LINE ARGUMENTS:
C:\Program Files\Unity\Hub\Editor\2020.2.2f1\Editor\Unity.exe
-adb2
-batchMode
-noUpm
-name
AssetImportWorker0
-projectPath
C:/Users/lvxin/OneDrive - George Brown College/4th semester/physics engine/assignment/assignment1/XinLyu_GAME3002_A1/Project
-logFile
Logs/AssetImportWorker0.log
-srvPort
57585
Successfully changed project path to: C:/Users/lvxin/OneDrive - George Brown College/4th semester/physics engine/assignment/assignment1/XinLyu_GAME3002_A1/Project
C:/Users/lvxin/OneDrive - George Brown College/4th semester/physics engine/assignment/assignment1/XinLyu_GAME3002_A1/Project
Using Asset Import Pipeline V2.
Refreshing native plugins compatible for Editor in 21.87 ms, found 0 plugins.
Preloading 0 native plugins for Editor in 0.00 ms.
Initialize engine version: 2020.2.2f1 (068178b99f32)
[Subsystems] Discovering subsystems at path C:/Program Files/Unity/Hub/Editor/2020.2.2f1/Editor/Data/Resources/UnitySubsystems
[Subsystems] Discovering subsystems at path C:/Users/lvxin/OneDrive - George Brown College/4th semester/physics engine/assignment/assignment1/XinLyu_GAME3002_A1/Project/Assets
GfxDevice: creating device client; threaded=0
Direct3D:
    Version:  Direct3D 11.0 [level 11.1]
    Renderer: NVIDIA GeForce RTX 2070 (ID=0x1f14)
    Vendor:   
    VRAM:     8031 MB
    Driver:   26.21.14.4223
Initialize mono
Mono path[0] = 'C:/Program Files/Unity/Hub/Editor/2020.2.2f1/Editor/Data/Managed'
Mono path[1] = 'C:/Program Files/Unity/Hub/Editor/2020.2.2f1/Editor/Data/MonoBleedingEdge/lib/mono/unityjit'
Mono config path = 'C:/Program Files/Unity/Hub/Editor/2020.2.2f1/Editor/Data/MonoBleedingEdge/etc'
Using monoOptions --debugger-agent=transport=dt_socket,embedding=1,server=y,suspend=n,address=127.0.0.1:56080
Begin MonoManager ReloadAssembly
Registering precompiled unity dll's ...
Register platform support module: C:/Program Files/Unity/Hub/Editor/2020.2.2f1/Editor/Data/PlaybackEngines/WindowsStandaloneSupport/UnityEditor.WindowsStandalone.Extensions.dll
Registered in 0.001614 seconds.
Native extension for WindowsStandalone target not found
Refreshing native plugins compatible for Editor in 20.33 ms, found 0 plugins.
Preloading 0 native plugins for Editor in 0.00 ms.
Invoked RoslynAnalysisRunner static constructor.
RoslynAnalysisRunner will not be running.
RoslynAnalysisRunner has terminated.
Mono: successfully reloaded assembly
- Completed reload, in  0.882 seconds
Platform modules already initialized, skipping
Registering precompiled user dll's ...
Registered in 0.000550 seconds.
Begin MonoManager ReloadAssembly
Native extension for WindowsStandalone target not found
Refreshing native plugins compatible for Editor in 0.17 ms, found 0 plugins.
Preloading 0 native plugins for Editor in 0.00 ms.
Invoked RoslynAnalysisRunner static constructor.
RoslynAnalysisRunner will not be running.
RoslynAnalysisRunner has terminated.
Mono: successfully reloaded assembly
- Completed reload, in  0.669 seconds
Platform modules already initialized, skipping
========================================================================
Worker process is ready to serve import requests
Launched and connected shader compiler UnityShaderCompiler.exe after 0.03 seconds
Refreshing native plugins compatible for Editor in 0.17 ms, found 0 plugins.
Preloading 0 native plugins for Editor in 0.00 ms.
Unloading 1099 Unused Serialized files (Serialized files now loaded: 0)
System memory in use before: 57.0 MB.
System memory in use after: 57.0 MB.

Unloading 10 unused Assets to reduce memory usage. Loaded Objects now: 1540.
Total: 1.337100 ms (FindLiveObjects: 0.138500 ms CreateObjectMapping: 0.046000 ms MarkObjects: 1.089200 ms  DeleteObjects: 0.062600 ms)

========================================================================
Received Import Request.
  path: Assets
  artifactKey: Guid(00000000000000001000000000000000) Importer(815301076,1909f56bfc062723c751e8b465ee728b)
Start importing Assets using Guid(00000000000000001000000000000000) Importer(815301076,1909f56bfc062723c751e8b465ee728b)  -> (artifact id: '4a6e520b92ccfc61bcfa21a7bcab8468') in 0.009719 seconds
  Import took 0.011644 seconds .

========================================================================
Received Import Request.
  Time since last request: 9.140999 seconds.
  path: Assets/Script
  artifactKey: Guid(300b35a3a227b2843a71618ad5fc2036) Importer(815301076,1909f56bfc062723c751e8b465ee728b)
Start importing Assets/Script using Guid(300b35a3a227b2843a71618ad5fc2036) Importer(815301076,1909f56bfc062723c751e8b465ee728b)  -> (artifact id: '4d66845b7f5064564254eaff5952ddea') in 0.007926 seconds
  Import took 0.009912 seconds .

========================================================================
Received Import Request.
  Time since last request: 3.461875 seconds.
  path: Assets/Scripts
  artifactKey: Guid(300b35a3a227b2843a71618ad5fc2036) Importer(815301076,1909f56bfc062723c751e8b465ee728b)
Start importing Assets/Scripts using Guid(300b35a3a227b2843a71618ad5fc2036) Importer(815301076,1909f56bfc062723c751e8b465ee728b)  -> (artifact id: '20b0e18d51139354773ba8ab60e28f1b') in 0.006407 seconds
  Import took 0.007972 seconds .

========================================================================
Received Import Request.
  Time since last request: 13.193295 seconds.
  path: Assets/Scripts/ProjectileComponent.cs
  artifactKey: Guid(5af8eea7ca983ad4a8d61993e09c1048) Importer(815301076,1909f56bfc062723c751e8b465ee728b)
Start importing Assets/Scripts/ProjectileComponent.cs using Guid(5af8eea7ca983ad4a8d61993e09c1048) Importer(815301076,1909f56bfc062723c751e8b465ee728b)  -> (artifact id: '7c5581fcb6aad488342af8bdf678738a') in 0.022002 seconds
  Import took 0.024341 seconds .

========================================================================
Received Import Request.
  Time since last request: 0.102097 seconds.
  path: Assets/Scripts/ProjectileComponent.cs
  artifactKey: Guid(5af8eea7ca983ad4a8d61993e09c1048) Importer(815301076,1909f56bfc062723c751e8b465ee728b)
Start importing Assets/Scripts/ProjectileComponent.cs using Guid(5af8eea7ca983ad4a8d61993e09c1048) Importer(815301076,1909f56bfc062723c751e8b465ee728b)  -> (artifact id: '7c5581fcb6aad488342af8bdf678738a') in 0.003117 seconds
  Import took 0.004939 seconds .

========================================================================
Received Prepare
Registering precompiled user dll's ...
Registered in 0.000482 seconds.
Begin MonoManager ReloadAssembly
Native extension for WindowsStandalone target not found
Refreshing native plugins compatible for Editor in 0.21 ms, found 0 plugins.
Preloading 0 native plugins for Editor in 0.00 ms.
Invoked RoslynAnalysisRunner static constructor.
RoslynAnalysisRunner will not be running.
RoslynAnalysisRunner has terminated.
Mono: successfully reloaded assembly
- Completed reload, in  0.655 seconds
Platform modules already initialized, skipping
Refreshing native plugins compatible for Editor in 0.17 ms, found 0 plugins.
Preloading 0 native plugins for Editor in 0.00 ms.
Unloading 1095 Unused Serialized files (Serialized files now loaded: 0)
System memory in use before: 57.1 MB.
System memory in use after: 57.2 MB.

Unloading 5 unused Assets to reduce memory usage. Loaded Objects now: 1543.
Total: 1.421600 ms (FindLiveObjects: 0.111700 ms CreateObjectMapping: 0.026900 ms MarkObjects: 1.246900 ms  DeleteObjects: 0.035400 ms)

========================================================================
Received Prepare
Registering precompiled user dll's ...
Registered in 0.000515 seconds.
Begin MonoManager ReloadAssembly
Native extension for WindowsStandalone target not found
Refreshing native plugins compatible for Editor in 0.18 ms, found 0 plugins.
Preloading 0 native plugins for Editor in 0.00 ms.
Invoked RoslynAnalysisRunner static constructor.
RoslynAnalysisRunner will not be running.
RoslynAnalysisRunner has terminated.
Mono: successfully reloaded assembly
- Completed reload, in  0.621 seconds
Platform modules already initialized, skipping
Refreshing native plugins compatible for Editor in 0.17 ms, found 0 plugins.
Preloading 0 native plugins for Editor in 0.00 ms.
Unloading 1095 Unused Serialized files (Serialized files now loaded: 0)
System memory in use before: 57.2 MB.
System memory in use after: 57.3 MB.

Unloading 5 unused Assets to reduce memory usage. Loaded Objects now: 1545.
Total: 1.243400 ms (FindLiveObjects: 0.113100 ms CreateObjectMapping: 0.033200 ms MarkObjects: 1.063000 ms  DeleteObjects: 0.033500 ms)

========================================================================
Received Import Request.
  Time since last request: 62.284520 seconds.
  path: Assets/Scripts/ProjectileComponent.cs
  artifactKey: Guid(5af8eea7ca983ad4a8d61993e09c1048) Importer(815301076,1909f56bfc062723c751e8b465ee728b)
Start importing Assets/Scripts/ProjectileComponent.cs using Guid(5af8eea7ca983ad4a8d61993e09c1048) Importer(815301076,1909f56bfc062723c751e8b465ee728b)  -> (artifact id: 'fa042120d31d88b180e87f184f0b6454') in 0.004182 seconds
  Import took 0.006023 seconds .

========================================================================
Received Import Request.
  Time since last request: 11.644813 seconds.
  path: Assets/Scripts/ProjectileController.cs
  artifactKey: Guid(5c5107777f0b2b44db1e766aa63bbfeb) Importer(815301076,1909f56bfc062723c751e8b465ee728b)
Start importing Assets/Scripts/ProjectileController.cs using Guid(5c5107777f0b2b44db1e766aa63bbfeb) Importer(815301076,1909f56bfc062723c751e8b465ee728b)  -> (artifact id: 'c373d2bdb5713dc091581eaaa991b6d0') in 0.006813 seconds
  Import took 0.009141 seconds .

========================================================================
Received Prepare
Registering precompiled user dll's ...
Registered in 0.000508 seconds.
Begin MonoManager ReloadAssembly
Native extension for WindowsStandalone target not found
Refreshing native plugins compatible for Editor in 0.18 ms, found 0 plugins.
Preloading 0 native plugins for Editor in 0.00 ms.
Invoked RoslynAnalysisRunner static constructor.
RoslynAnalysisRunner will not be running.
RoslynAnalysisRunner has terminated.
Mono: successfully reloaded assembly
- Completed reload, in  0.629 seconds
Platform modules already initialized, skipping
Refreshing native plugins compatible for Editor in 0.17 ms, found 0 plugins.
Preloading 0 native plugins for Editor in 0.00 ms.
Unloading 1096 Unused Serialized files (Serialized files now loaded: 0)
System memory in use before: 57.4 MB.
System memory in use after: 57.5 MB.

Unloading 5 unused Assets to reduce memory usage. Loaded Objects now: 1548.
Total: 1.383200 ms (FindLiveObjects: 0.108900 ms CreateObjectMapping: 0.031500 ms MarkObjects: 1.168700 ms  DeleteObjects: 0.073200 ms)

========================================================================
Received Prepare
Registering precompiled user dll's ...
Registered in 0.000892 seconds.
Begin MonoManager ReloadAssembly
Native extension for WindowsStandalone target not found
Refreshing native plugins compatible for Editor in 0.18 ms, found 0 plugins.
Preloading 0 native plugins for Editor in 0.00 ms.
Invoked RoslynAnalysisRunner static constructor.
RoslynAnalysisRunner will not be running.
RoslynAnalysisRunner has terminated.
Mono: successfully reloaded assembly
- Completed reload, in  0.622 seconds
Platform modules already initialized, skipping
Refreshing native plugins compatible for Editor in 0.17 ms, found 0 plugins.
Preloading 0 native plugins for Editor in 0.00 ms.
Unloading 1096 Unused Serialized files (Serialized files now loaded: 0)
System memory in use before: 57.5 MB.
System memory in use after: 57.6 MB.

Unloading 5 unused Assets to reduce memory usage. Loaded Objects now: 1550.
Total: 1.357300 ms (FindLiveObjects: 0.108000 ms CreateObjectMapping: 0.030200 ms MarkObjects: 1.185600 ms  DeleteObjects: 0.032900 ms)

========================================================================
Received Import Request.
  Time since last request: 26.614550 seconds.
  path: Assets/Scripts/ProjectileController.cs
  artifactKey: Guid(5c5107777f0b2b44db1e766aa63bbfeb) Importer(815301076,1909f56bfc062723c751e8b465ee728b)
Start importing Assets/Scripts/ProjectileController.cs using Guid(5c5107777f0b2b44db1e766aa63bbfeb) Importer(815301076,1909f56bfc062723c751e8b465ee728b)  -> (artifact id: '8d965ac1b95b667075e2625785adcc86') in 0.004283 seconds
  Import took 0.005704 seconds .

========================================================================
Received Prepare
Registering precompiled user dll's ...
Registered in 0.000538 seconds.
Begin MonoManager ReloadAssembly
Native extension for WindowsStandalone target not found
Refreshing native plugins compatible for Editor in 0.18 ms, found 0 plugins.
Preloading 0 native plugins for Editor in 0.00 ms.
Invoked RoslynAnalysisRunner static constructor.
RoslynAnalysisRunner will not be running.
RoslynAnalysisRunner has terminated.
Mono: successfully reloaded assembly
- Completed reload, in  0.641 seconds
Platform modules already initialized, skipping
Refreshing native plugins compatible for Editor in 0.21 ms, found 0 plugins.
Preloading 0 native plugins for Editor in 0.00 ms.
Unloading 1096 Unused Serialized files (Serialized files now loaded: 0)
System memory in use before: 57.6 MB.
System memory in use after: 57.7 MB.

Unloading 5 unused Assets to reduce memory usage. Loaded Objects now: 1552.
Total: 1.260600 ms (FindLiveObjects: 0.113700 ms CreateObjectMapping: 0.029900 ms MarkObjects: 1.075700 ms  DeleteObjects: 0.040600 ms)

========================================================================
Received Prepare
Registering precompiled user dll's ...
Registered in 0.000520 seconds.
Begin MonoManager ReloadAssembly
Native extension for WindowsStandalone target not found
Refreshing native plugins compatible for Editor in 0.17 ms, found 0 plugins.
Preloading 0 native plugins for Editor in 0.00 ms.
Invoked RoslynAnalysisRunner static constructor.
RoslynAnalysisRunner will not be running.
RoslynAnalysisRunner has terminated.
Mono: successfully reloaded assembly
- Completed reload, in  0.615 seconds
Platform modules already initialized, skipping
Refreshing native plugins compatible for Editor in 0.17 ms, found 0 plugins.
Preloading 0 native plugins for Editor in 0.00 ms.
Unloading 1096 Unused Serialized files (Serialized files now loaded: 0)
System memory in use before: 57.7 MB.
System memory in use after: 57.8 MB.

Unloading 5 unused Assets to reduce memory usage. Loaded Objects now: 1554.
Total: 1.520600 ms (FindLiveObjects: 0.117200 ms CreateObjectMapping: 0.028300 ms MarkObjects: 1.303700 ms  DeleteObjects: 0.070800 ms)

AssetImportWorkerClient::OnTransportError - code=2 error=End of file
